<?xml version="1.0" encoding="UTF-8"?>
<!-- Generated by org.testng.reporters.JUnitReportReporter -->
<testsuite hostname="Users-MacBook-Pro.local" failures="0" tests="1" name="NewTest" time="2.995" errors="0" timestamp="2020-06-09T12:54:45 EDT" skipped="0">
  <testcase classname="NewTest" name="mavenTest" time="2.995"/>
  <system-out/>
</testsuite> <!-- NewTest -->
