<?xml version="1.0" encoding="UTF-8"?>
<!-- Generated by org.testng.reporters.JUnitReportReporter -->
<testsuite hostname="Users-MacBook-Pro.local" failures="0" tests="1" name="testPackage.NewTest" time="2.876" errors="0" timestamp="2020-06-09T13:53:41 EDT" skipped="0">
  <testcase classname="testPackage.NewTest" name="mavenTest" time="2.876"/>
  <system-out/>
</testsuite> <!-- testPackage.NewTest -->
